Arguments: 
  /home/funkmachine3k/.nvm/versions/node/v8.5.0/bin/node /usr/share/yarn/bin/yarn.js upgrade --latest

PATH: 
  /home/funkmachine3k/.nvm/versions/node/v8.5.0/bin:/home/funkmachine3k/.rbenv/shims:/home/funkmachine3k/.rbenv/plugins/ruby-build/bin:/home/funkmachine3k/.rbenv/shims:/home/funkmachine3k/.rbenv/bin:/usr/local/sbin:/usr/local/bin:/usr/sbin:/usr/bin:/sbin:/bin:/usr/batches:/usr/local/batches

Yarn version: 
  1.3.2

Node version: 
  8.5.0

Platform: 
  linux x64

npm manifest: 
  {
    "name": "studentEvaluationAPI",
    "version": "1.0.0",
    "description": "RESTFul API to manage Student Evaluations",
    "main": "index.js",
    "author": "Caspar Boetes",
    "license": "MIT"
    },
    "scripts": {
      "start": "node .",
      "dev": "nodemon --inspect .",
      "seed": "node db/seed.js"
    },
    "dependencies": {
      "body-parser": "^1.18.2",
      "cors": "^2.8.4",
      "express": "^4.16.2",
      "jsonwebtoken": "^8.1.0",
      "mongoose": "^4.13.9",
      "passport": "^0.4.0",
      "passport-jwt": "^3.0.1",
      "passport-local": "^1.0.0",
      "passport-local-mongoose": "^4.4.0",
      "socket.io": "^2.0.4",
      "socketio-jwt-auth": "^0.0.6"
    },
    "devDependencies": {
      "nodemon": "^1.12.1"
    }
  }

yarn manifest: 
  No manifest

Lockfile: 
  No lockfile

Trace: 
  SyntaxError: /home/funkmachine3k/Documents/Final/Exp-eva/package.json: Unexpected token , in JSON at position 193
      at JSON.parse (<anonymous>)
      at /usr/share/yarn/lib/cli.js:770:59
      at Generator.next (<anonymous>)
      at step (/usr/share/yarn/lib/cli.js:92:30)
      at /usr/share/yarn/lib/cli.js:103:13
      at <anonymous>
